app/build/intermediates/manifest_merge_blame_file/debug/manifest-merger-blame-debug-report.txt
1<?xml version="1.0" encoding="utf-8"?>
2<manifest xmlns:android="http://schemas.android.com/apk/res/android"
3    package="com.example.landslide"
4    android:versionCode="1"
5    android:versionName="1.0" >
6
7    <uses-sdk
8        android:minSdkVersion="21"
8-->src\main\AndroidManifest.xml
9        android:targetSdkVersion="33" />
9-->src\main\AndroidManifest.xml
10
11    <application
11-->src\main\AndroidManifest.xml:5:5-35:19
12        android:allowBackup="true"
12-->src\main\AndroidManifest.xml:6:9-35
13        android:appComponentFactory="androidx.core.app.CoreComponentFactory"
13-->[androidx.core:core:1.7.0] AndroidManifest.xml:24:18-86
14        android:debuggable="true"
15        android:icon="@mipmap/ic_launcher"
15-->src\main\AndroidManifest.xml:7:9-43
16        android:label="@string/app_name"
16-->src\main\AndroidManifest.xml:8:9-41
17        android:roundIcon="@mipmap/ic_launcher_round"
17-->src\main\AndroidManifest.xml:9:9-54
18        android:supportsRtl="true"
18-->src\main\AndroidManifest.xml:10:9-35
19        android:testOnly="true"
20        android:theme="@style/Theme.LANDSLIDE" >
20-->src\main\AndroidManifest.xml:11:9-47
21        <activity android:name="com.example.landslide.SidamuktiActivity" />
21-->src\main\AndroidManifest.xml:12:9-64
21-->src\main\AndroidManifest.xml:12:19-52
22        <activity android:name="com.example.landslide.PasirJambuActivity" />
22-->src\main\AndroidManifest.xml:13:9-56
22-->src\main\AndroidManifest.xml:13:19-53
23        <activity android:name="com.example.landslide.SukataniActivity" />
23-->src\main\AndroidManifest.xml:14:9-54
23-->src\main\AndroidManifest.xml:14:19-51
24        <activity android:name="com.example.landslide.CibitungActivity" />
24-->src\main\AndroidManifest.xml:15:9-54
24-->src\main\AndroidManifest.xml:15:19-51
25        <activity android:name="com.example.landslide.MetodePrediksiActivity" />
25-->src\main\AndroidManifest.xml:16:9-60
25-->src\main\AndroidManifest.xml:16:19-57
26        <activity android:name="com.example.landslide.GeoteknikActivity" />
26-->src\main\AndroidManifest.xml:17:9-55
26-->src\main\AndroidManifest.xml:17:19-52
27        <activity android:name="com.example.landslide.GeofisikaActivity" />
27-->src\main\AndroidManifest.xml:18:9-55
27-->src\main\AndroidManifest.xml:18:19-52
28        <activity android:name="com.example.landslide.FaktorActivity" />
28-->src\main\AndroidManifest.xml:19:9-52
28-->src\main\AndroidManifest.xml:19:19-49
29        <activity android:name="com.example.landslide.DefinisiActivity" />
29-->src\main\AndroidManifest.xml:20:9-54
29-->src\main\AndroidManifest.xml:20:19-51
30        <activity android:name="com.example.landslide.ReferensiActivity" />
30-->src\main\AndroidManifest.xml:21:9-55
30-->src\main\AndroidManifest.xml:21:19-52
31        <activity android:name="com.example.landslide.PrediksiActivity" />
31-->src\main\AndroidManifest.xml:22:9-54
31-->src\main\AndroidManifest.xml:22:19-51
32        <activity android:name="com.example.landslide.MetodeActivity" />
32-->src\main\AndroidManifest.xml:23:9-52
32-->src\main\AndroidManifest.xml:23:19-49
33        <activity android:name="com.example.landslide.LongsorActivity" />
33-->src\main\AndroidManifest.xml:24:9-53
33-->src\main\AndroidManifest.xml:24:19-50
34        <activity android:name="com.example.landslide.JenisActivity" />
34-->src\main\AndroidManifest.xml:25:9-51
34-->src\main\AndroidManifest.xml:25:19-48
35        <activity
35-->src\main\AndroidManifest.xml:26:9-34:20
36            android:name="com.example.landslide.MainActivity"
36-->src\main\AndroidManifest.xml:27:13-41
37            android:exported="true" >
37-->src\main\AndroidManifest.xml:28:13-36
38            <intent-filter>
38-->src\main\AndroidManifest.xml:29:13-33:29
39                <action android:name="android.intent.action.MAIN" />
39-->src\main\AndroidManifest.xml:30:17-69
39-->src\main\AndroidManifest.xml:30:25-66
40
41                <category android:name="android.intent.category.LAUNCHER" />
41-->src\main\AndroidManifest.xml:32:17-77
41-->src\main\AndroidManifest.xml:32:27-74
42            </intent-filter>
43        </activity>
44
45        <provider
45-->[androidx.emoji2:emoji2:1.0.0] AndroidManifest.xml:26:9-34:20
46            android:name="androidx.startup.InitializationProvider"
46-->[androidx.emoji2:emoji2:1.0.0] AndroidManifest.xml:27:13-67
47            android:authorities="com.example.landslide.androidx-startup"
47-->[androidx.emoji2:emoji2:1.0.0] AndroidManifest.xml:28:13-68
48            android:exported="false" >
48-->[androidx.emoji2:emoji2:1.0.0] AndroidManifest.xml:29:13-37
49            <meta-data
49-->[androidx.emoji2:emoji2:1.0.0] AndroidManifest.xml:31:13-33:52
50                android:name="androidx.emoji2.text.EmojiCompatInitializer"
50-->[androidx.emoji2:emoji2:1.0.0] AndroidManifest.xml:32:17-75
51                android:value="androidx.startup" />
51-->[androidx.emoji2:emoji2:1.0.0] AndroidManifest.xml:33:17-49
52            <meta-data
52-->[androidx.lifecycle:lifecycle-process:2.4.0] AndroidManifest.xml:31:13-33:52
53                android:name="androidx.lifecycle.ProcessLifecycleInitializer"
53-->[androidx.lifecycle:lifecycle-process:2.4.0] AndroidManifest.xml:32:17-78
54                android:value="androidx.startup" />
54-->[androidx.lifecycle:lifecycle-process:2.4.0] AndroidManifest.xml:33:17-49
55        </provider>
56    </application>
57
58</manifest>